SoPlex version 4.0.0 [mode: optimized] [precision: 8 byte] [rational: GMP 6.1.2] [githash: 82cab95]
Copyright (c) 1996-2018 Konrad-Zuse-Zentrum fuer Informationstechnik Berlin (ZIB)

int:simplifier = 0
int:scaler = 5
int:readmode = 1
int:solvemode = 2
int:checkmode = 2
real:feastol = 1.00000000e-12
real:opttol = 1.00000000e-12
real:timelimit = 3.00000000e+02
real:fpfeastol = 1.00000000e-03
real:fpopttol = 1.00000000e-03

Reading (rational) LP file <Simulation.lp> . . .
Reading took 0.72 seconds.

LP has 13870 rows 12560 columns and 120074 nonzeros.

Initial floating-point solve . . .
Least squares LP scaling

type |   time |   iters | facts |    shift | violation |     obj value 
  L  |    0.0 |       0 |     1 | 6.39e-02 |  1.43e+02 | 0.00000000e+00
  L  |    0.0 |     199 |     1 | 1.19e-01 |  2.00e+00 | 7.21268506e-04
  L  |    0.1 |     399 |     2 | 1.97e-01 |  1.10e-01 | -7.94593436e-04
  E  |    0.1 |     492 |     4 | 0.00e+00 |  3.65e-01 | 7.45441547e-05
  E  |    0.1 |     597 |     4 | 2.64e-03 |  1.94e+01 | 2.27614610e-03
  E  |    0.1 |     797 |     5 | 4.31e-03 |  6.23e-01 | 2.50504020e-03
  E  |    0.1 |     997 |     6 | 5.43e-03 |  4.72e-01 | 2.50493604e-03
  E  |    0.1 |    1197 |     7 | 5.43e-03 |  1.97e-01 | 2.50493604e-03
  L  |    0.1 |    1272 |     8 | 0.00e+00 |  1.13e-03 | 2.49776468e-03
  E  |    0.1 |    1275 |     9 | 0.00e+00 |  6.02e-03 | 2.49746724e-03
  E  |    0.1 |    1282 |    10 | 0.00e+00 |  0.00e+00 | 2.49746724e-03

Floating-point optimal.
Max. bound violation = 4289023696261857/9007199254740992
Max. row violation = 7664443818036683/281474976710656
Max. reduced cost violation = 581529972072137481/576460752303423488
Max. dual violation = 72455214346075/36893488147419103232
Performing rational reconstruction . . .
Reconstructed solution primal infeasible (1).
Refined floating-point solve . . .

  L  |    0.0 |       0 |     1 | 3.07e+02 |  6.37e+01 | 9.68690569e-21
  L  |    0.0 |     108 |     1 | 3.07e+02 |  3.67e+01 | -1.03715273e-04
  L  |    0.1 |     308 |     2 | 3.07e+02 |  1.32e+07 | -5.45649749e-04
  L  |    0.1 |     508 |     3 | 3.59e+02 |  1.32e+07 | -9.84530183e-03
  L  |    0.2 |     708 |     4 | 3.72e+02 |  1.32e+07 | -2.07567574e-02
  L  |    0.3 |     908 |     5 | 3.92e+02 |  9.82e+01 | -4.65339951e-02
  L  |    0.3 |    1108 |     6 | 3.92e+02 |  1.08e+02 | -6.35519534e-02
  L  |    0.4 |    1308 |     7 | 3.92e+02 |  1.03e+02 | -6.90714643e-02
  L  |    0.5 |    1508 |     8 | 3.92e+02 |  1.03e+02 | -7.62650086e-02
  L  |    0.5 |    1708 |     9 | 3.92e+02 |  1.24e+02 | -9.27839247e-02
  L  |    0.6 |    1908 |    10 | 3.92e+02 |  1.83e+01 | -1.32673578e-01
  L  |    0.7 |    2108 |    11 | 3.92e+02 |  1.72e+01 | -1.46207592e-01
  L  |    0.8 |    2308 |    12 | 3.92e+02 |  4.59e+02 | -1.81312477e-01
  L  |    0.8 |    2508 |    13 | 3.92e+02 |  4.54e+02 | -1.83628627e-01
  L  |    0.9 |    2708 |    14 | 3.92e+02 |  2.24e+04 | -1.95640378e-01
  L  |    1.0 |    2908 |    15 | 3.92e+02 |  1.76e+01 | -2.15079245e-01
  L  |    1.1 |    3108 |    16 | 3.92e+02 |  2.08e+01 | -2.61105697e-01
  L  |    1.2 |    3308 |    17 | 3.92e+02 |  1.54e+01 | -2.67568026e-01
  L  |    1.2 |    3508 |    18 | 3.92e+02 |  1.54e+01 | -2.67568026e-01
  L  |    1.3 |    3708 |    19 | 3.92e+02 |  1.54e+01 | -2.67568026e-01
  L  |    1.4 |    3908 |    20 | 3.92e+02 |  1.54e+01 | -2.67568026e-01
  L  |    1.5 |    4108 |    21 | 3.92e+02 |  1.54e+01 | -2.67568026e-01
  L  |    1.6 |    4308 |    22 | 3.92e+02 |  1.54e+01 | -2.67568026e-01
  L  |    1.7 |    4508 |    23 | 3.92e+02 |  5.84e+00 | -2.82830767e-01
type |   time |   iters | facts |    shift | violation |     obj value 
  L  |    1.8 |    4708 |    24 | 3.92e+02 |  9.46e+03 | -3.18517729e-01
  L  |    1.9 |    4908 |    25 | 3.92e+02 |  2.78e+04 | -3.27796302e-01
  L  |    2.0 |    5108 |    26 | 3.92e+02 |  1.42e+04 | -3.47560650e-01
  L  |    2.2 |    5308 |    27 | 3.93e+02 |  1.67e+03 | -3.66534233e-01
  L  |    2.3 |    5508 |    28 | 3.93e+02 |  2.34e+03 | -3.91491383e-01
  L  |    2.4 |    5708 |    29 | 3.93e+02 |  2.33e+03 | -4.16907873e-01
  L  |    2.5 |    5908 |    30 | 3.93e+02 |  1.28e+00 | -4.32877960e-01
  E  |    2.6 |    5918 |    31 | 0.00e+00 |  3.52e+02 | -9.66722629e-03
  E  |    2.6 |    6092 |    31 | 1.09e-02 |  2.21e+03 | 2.55456097e-03
  E  |    2.7 |    6268 |    32 | 6.16e-02 |  1.42e+04 | 2.47721083e-02
  E  |    2.8 |    6414 |    33 | 8.23e-02 |  2.34e+03 | 3.27981071e-02
  E  |    2.9 |    6552 |    34 | 1.08e-01 |  1.90e+03 | 4.32217341e-02
  E  |    3.0 |    6663 |    34 | 1.39e-01 |  9.01e+05 | 4.50613032e-02
  E  |    3.0 |    6734 |    35 | 1.60e-01 |  3.79e+01 | 5.05159113e-02
  E  |    3.1 |    6827 |    35 | 1.81e-01 |  7.36e+04 | 5.22907783e-02
  E  |    3.2 |    6962 |    36 | 2.17e-01 |  1.16e+05 | 5.22907783e-02
  E  |    3.2 |    7090 |    36 | 2.40e-01 |  1.73e+05 | 5.27166118e-02
  E  |    3.3 |    7239 |    37 | 2.75e-01 |  4.61e+01 | 5.29351631e-02
  E  |    3.4 |    7366 |    38 | 2.97e-01 |  1.30e+02 | 5.31879070e-02
  E  |    3.4 |    7515 |    38 | 2.98e-01 |  8.51e+01 | 5.34519126e-02
  E  |    3.5 |    7632 |    39 | 1.18e+01 |  3.52e+04 | 5.69598871e-02
  E  |    3.6 |    7708 |    39 | 1.41e+01 |  1.22e+05 | 9.17999093e-02
  E  |    3.6 |    7777 |    40 | 1.41e+01 |  2.93e+03 | 2.11593787e-01
  E  |    3.7 |    7859 |    40 | 1.43e+01 |  9.25e+03 | 3.10162930e-01
  E  |    3.8 |    7943 |    41 | 1.43e+01 |  3.76e+02 | 3.68755735e-01
  E  |    3.9 |    8055 |    41 | 1.46e+01 |  2.73e+03 | 5.60650618e-01
  E  |    4.0 |    8118 |    42 | 1.47e+01 |  1.66e+02 | 6.30781113e-01
  E  |    4.1 |    8188 |    42 | 1.48e+01 |  1.64e+04 | 7.01496626e-01
  E  |    4.2 |    8256 |    42 | 1.50e+01 |  2.39e+04 | 7.62304065e-01
  E  |    4.2 |    8327 |    43 | 1.52e+01 |  3.91e+01 | 9.13794753e-01
  E  |    4.3 |    8363 |    43 | 1.52e+01 |  1.15e+05 | 9.36694188e-01
type |   time |   iters | facts |    shift | violation |     obj value 
  E  |    4.4 |    8417 |    43 | 1.52e+01 |  1.16e+05 | 9.36694188e-01
  E  |    4.4 |    8465 |    43 | 1.52e+01 |  1.16e+05 | 9.36694188e-01
  E  |    4.5 |    8518 |    44 | 1.52e+01 |  1.15e+03 | 9.61508341e-01
  E  |    4.6 |    8586 |    44 | 1.52e+01 |  2.42e+02 | 9.62961464e-01
  E  |    4.7 |    8650 |    44 | 1.52e+01 |  3.23e+02 | 9.62961464e-01
  E  |    4.7 |    8710 |    44 | 1.53e+01 |  3.48e+03 | 1.00159642e+00
  E  |    4.8 |    8775 |    45 | 1.59e+01 |  1.39e+07 | 1.28980264e+00
  E  |    4.9 |    8839 |    45 | 1.63e+01 |  1.39e+07 | 1.63941301e+00
  E  |    5.0 |    8892 |    45 | 1.69e+01 |  1.39e+07 | 1.81560061e+00
  E  |    5.1 |    8957 |    46 | 1.73e+01 |  1.04e+03 | 2.42159648e+00
  E  |    5.2 |    9022 |    46 | 1.86e+01 |  1.92e+03 | 2.53793071e+00
  E  |    5.2 |    9086 |    46 | 1.92e+01 |  1.02e+05 | 2.66338733e+00
  E  |    5.3 |    9158 |    47 | 2.01e+01 |  7.31e+02 | 2.73154640e+00
  E  |    5.4 |    9233 |    47 | 2.06e+01 |  3.51e+05 | 2.82066344e+00
  E  |    5.5 |    9319 |    48 | 2.11e+01 |  4.07e+03 | 2.86270007e+00
  E  |    5.6 |    9414 |    48 | 2.23e+01 |  3.33e+05 | 2.91656282e+00
  E  |    5.7 |    9482 |    48 | 2.27e+01 |  4.12e+05 | 3.04713942e+00
  E  |    5.8 |    9540 |    49 | 2.33e+01 |  2.11e+01 | 3.14865471e+00
  E  |    5.9 |    9571 |    49 | 2.40e+01 |  2.60e+04 | 3.16053891e+00
  E  |    6.0 |    9637 |    49 | 2.53e+01 |  9.75e+04 | 3.22111005e+00
  E  |    6.1 |    9723 |    50 | 2.61e+01 |  6.01e+00 | 3.30738056e+00
  E  |    6.2 |    9801 |    50 | 2.76e+01 |  4.56e+02 | 3.36434419e+00
  E  |    6.2 |    9889 |    50 | 2.82e+01 |  8.05e+04 | 3.39599966e+00
  E  |    6.3 |    9966 |    51 | 2.93e+01 |  4.66e+03 | 3.42068673e+00
 --- initializing steepest edge multipliers
 --- active pricer: SteepEx
  E  |    6.5 |   10024 |    54 | 2.97e+01 |  4.15e-02 | 3.42760066e+00
 --- initializing steepest edge multipliers
 --- initializing steepest edge multipliers
  L  |    8.1 |   10037 |    57 | 0.00e+00 |  9.24e+06 | 2.65525378e+00
  L  |    8.2 |   10170 |    57 | 3.06e-02 |  4.49e+06 | 1.71333717e+00
  L  |    8.6 |   10370 |    58 | 2.72e-01 |  6.27e+05 | 6.15265099e-01
  L  |    8.9 |   10570 |    59 | 4.06e+00 |  1.31e+06 | 1.31075950e-01
  L  |    9.2 |   10770 |    60 | 5.55e+00 |  1.59e+06 | -2.11474170e+00
  L  |    9.5 |   10970 |    61 | 6.25e+00 |  6.50e+05 | -4.99390956e+00
type |   time |   iters | facts |    shift | violation |     obj value 
  L  |    9.8 |   11170 |    62 | 6.62e+00 |  7.77e+06 | -8.34461560e+00
  L  |   10.2 |   11370 |    63 | 6.96e+00 |  1.07e+05 | -1.58054549e+01
  L  |   10.5 |   11570 |    64 | 7.14e+00 |  8.62e+03 | -7.72063501e-03
 --- initializing steepest edge multipliers
 --- initializing steepest edge multipliers
  E  |   10.7 |   11652 |    66 | 0.00e+00 |  5.50e-01 | -9.10512046e-03
  E  |   10.9 |   11765 |    66 | 7.57e-03 |  4.68e+05 | 3.50511887e-03
 --- initializing steepest edge multipliers
 --- initializing steepest edge multipliers
  L  |   13.1 |   11909 |    68 | 0.00e+00 |  2.54e+00 | -2.17689566e-03
  L  |   13.1 |   11960 |    68 | 2.05e-02 |  3.64e+00 | -2.68016703e-03
 --- initializing steepest edge multipliers
 --- initializing steepest edge multipliers
  E  |   13.3 |   12056 |    69 | 0.00e+00 |  8.59e-01 | -2.76760908e-03
 --- initializing steepest edge multipliers
 --- initializing steepest edge multipliers
  L  |   15.1 |   12119 |    70 | 0.00e+00 |  1.06e-02 | -2.32708801e-03
 --- initializing steepest edge multipliers
 --- initializing steepest edge multipliers
  E  |   15.2 |   12142 |    71 | 0.00e+00 |  1.93e-02 | -2.43996885e-03
  E  |   15.2 |   12147 |    72 | 0.00e+00 |  0.00e+00 | -2.43930183e-03

Floating-point optimal.
Max. bound violation = 5517279592456183/18446744073709551616
Max. row violation = 5759075418432427/18446744073709551616
Max. reduced cost violation = 8678094543071823/18446744073709551616
Max. dual violation = 77/151115727451828646838272
Performing rational reconstruction . . .
Reconstructed solution primal infeasible (1).
Refined floating-point solve . . .

 --- initializing steepest edge multipliers
 --- initializing steepest edge multipliers
  L  |    1.7 |       0 |     0 | 5.03e+01 |  3.02e+01 | -7.50430857e-09
 --- active pricer: Devex
  L  |    1.7 |       4 |     0 | 5.03e+01 |  2.53e+02 | -3.10152299e+01
  L  |    1.9 |     204 |     1 | 5.03e+01 |  1.73e+03 | -8.68958997e+03
  L  |    2.1 |     404 |     3 | 5.03e+01 |  1.75e+03 | -8.68958997e+03
  L  |    2.2 |     510 |     3 | 5.03e+01 |  1.01e+04 | -1.60778011e+04
  L  |    2.5 |     675 |     4 | 5.03e+01 |  2.21e+02 | -3.44705250e+04
  L  |    2.6 |     772 |     5 | 5.03e+01 |  1.40e+05 | -3.56132924e+04
  L  |    2.8 |     810 |     5 | 5.05e+01 |  3.23e+06 | -4.06351313e+04
  E  |    2.9 |     846 |     6 | 0.00e+00 |  2.48e+05 | -2.97542380e+04
  E  |    2.9 |     855 |     7 | 0.00e+00 |  0.00e+00 | -2.97542296e+04

Floating-point optimal.
Max. bound violation = 1/140737488355328
Max. row violation = 215694384101592122544708959305925906128081914927/85070591730234615865843651857942052864000000000000000
Max. reduced cost violation = 4681168929711/147573952589676412928
Max. dual violation = 4251/154742504910672534362390528
Performing rational reconstruction . . .
Reconstructed solution primal infeasible (3).
Refined floating-point solve . . .

  L  |    0.0 |       0 |     0 | 5.69e-02 |  1.10e+00 | -3.42502192e-08
  E  |    0.1 |      48 |     1 | 0.00e+00 |  1.66e-02 | -2.95781467e+00
  E  |    0.1 |      49 |     2 | 0.00e+00 |  0.00e+00 | -2.95781467e+00

Floating-point optimal.
Max. bound violation = 1/664613997892457936451903530140172288
Max. row violation = 55504256636024557074014869425249834187/32451855365842672678315602057625600000000000000
Max. reduced cost violation = 1146851833319492079471293/9671406556917033397649408000000000000000
Max. dual violation = 10041/41538374868278621028243970633760768
Performing rational reconstruction . . .
Reconstructed solution primal infeasible (3).
Refined floating-point solve . . .

  L  |    0.0 |       0 |     0 | 0.00e+00 |  6.03e+01 | 9.98347752e-10
  L  |    0.0 |       1 |     0 | 0.00e+00 |  5.67e+01 | 9.98347752e-10
  E  |    0.1 |     116 |     1 | 3.94e+03 |  0.00e+00 | -5.75798838e+08
  L  |    0.1 |     116 |     1 | 0.00e+00 |  3.94e+03 | -5.75798838e+08
  L  |    0.1 |     118 |     2 | 0.00e+00 |  2.30e+05 | -7.93556650e+08

Floating-point infeasible.
Setting up LP to test for feasibility.
Initial floating-point solve . . .

  L  |    0.0 |       0 |     1 | 0.00e+00 |  0.00e+00 | 1.00000000e+00
  L  |    0.0 |       0 |     1 | 0.00e+00 |  0.00e+00 | 1.00000000e+00

Floating-point optimal.
Max. bound violation = 5271370829138009/147573952589676412928
Max. row violation = 4456782568657918151743157476508171/77371252455336267181195264000000000000000
Max. reduced cost violation = 0
Max. dual violation = 0
Performing rational reconstruction . . .
Reconstructed solution primal infeasible (1).
Refined floating-point solve . . .

  L  |    0.0 |       0 |     0 | 0.00e+00 |  7.03e+00 | 0.00000000e+00
  L  |    0.0 |       1 |     1 | 0.00e+00 |  0.00e+00 | -4.91924323e+00

Floating-point optimal.
Max. bound violation = 2769287695617503/5444517870735015415413993718908291383296
Max. row violation = 377601221854645947584432134694450017/1038459371706965525706099265844019200000000000000
Max. reduced cost violation = 36127735665649925741/562949953421312000000000000000
Max. dual violation = 1499/9444732965739290427392
Performing rational reconstruction . . .
Reconstructed solution primal infeasible (3).
Refined floating-point solve . . .

  L  |    0.0 |       0 |     0 | 0.00e+00 |  1.11e-01 | 1.87318189e-01
  L  |    0.1 |      21 |     1 | 0.00e+00 |  0.00e+00 | 1.87318189e-01

Floating-point optimal.
Max. bound violation = 6992861/10889035741470030830827987437816582766592
Max. row violation = 55604283401750150887185538235399727781797/1088903574147003083082798743781658276659200000000000000
Max. reduced cost violation = 49147743/79228162514264337593543950336
Max. dual violation = 2029/10384593717069655257060992658440192
Tolerances reached.
Primal infeasible.  Dual Farkas ray available.

SoPlex status       : problem is solved [infeasible]
Solving time (sec)  : 19.20
Iterations          : 14473
Objective value     : -1.00000000e+100

No primal information available.
Could not check primal solution.
Could not check dual solution.

Statistics
==========

SoPlex status       : problem is solved [infeasible]
Original problem    : 
  Columns           : 12560
              boxed : 9
        lower bound : 12551
        upper bound : 0
               free : 0
  Rows              : 13870
              equal : 12170
             ranged : 0
                lhs : 0
                rhs : 1700
               free : 0
  Nonzeros          : 120074
         per column : 9.56003185
            per row : 8.65710166
           sparsity : 0.00068926
    min. abs. value : 0.00001000
    max. abs. value : 1187439493.66858363
Objective sense     : maximize
Solution (rational) : 
  Objective value   : -10000000000000000159028911097599180468360808563945281389781327557747838772170381060813469985856815104
Size (base 2/10)    : 
  Total primal      : 0 / 0
  Total dual        : 1889907 / 583799
  DLCM primal       : 0 / 0
  DLCM dual         : 114 / 35
  DMAX primal       : 0 / 0
  DMAX dual         : 114 / 35
Violation (rational): 
  Max/sum bound     : - / -
  Max/sum row       : - / -
  Max/sum redcost   : - / -
  Max/sum dual      : - / -
Total time          : 19.91
  Reading           : 0.71
  Solving           : 19.20
  Preprocessing     : 0.00 (0.00% of solving time)
  Simplex           : 18.63 (97.03% of solving time)
  Synchronization   : 0.03 (0.16% of solving time)
  Transformation    : 0.01 (0.05% of solving time)
  Rational          : 0.48 (2.50% of solving time)
  Other             : 0.05 (0.26% of solving time)
Refinements         : 6
  Stalling          : 0
  Pivoting          : 6
  Feasibility       : 2
  Unboundedness     : 0
Iterations          : 14473
  From scratch      : 14473 (100.00%)
  From basis        : 0 (0.00%)
  Primal            : 5241 (36.21%)
  Dual              : 9232 (63.79%)
  Bound flips       : 0
  Sol. polishing    : 0
LU factorizations   : 96
  Factor. frequency : 150.76 iterations per factorization
  Factor. time      : 1.39
LU solves           : 148334
  Solve frequency   : 10.25 solves per iteration
  Solve time        : 10.90
Rat. factorizations : 0
  Rat. factor. time : 0.00
  Rat. solve time   : 0.00
Rat. reconstructions: 6
  Rat. rec. time    : 0.08
Degeneracy          : 
  Primal Pivots     : 1433
  Dual Pivots       : 1613
  Primal Candidates : 0
  Dual Candidates   : 0
  Average Primal    : 0.00
  Average Dual      : 0.00
Numerics            :
  Condition Number  : 0.00000000e+00
